14:46:29 **** Incremental Build of configuration Nios II for project parin ****
make all 
Info: Building ../dac_bsp/
C:/intelFPGA_lite/16.1/nios2eds/bin/gnu/H-x86_64-mingw32/bin/make --no-print-directory -C ../dac_bsp/
[BSP build complete]
Info: Compiling main.c to obj/default/main.o
nios2-elf-gcc -xc -MP -MMD -c -I../dac_bsp//HAL/inc -I../dac_bsp/ -I../dac_bsp//drivers/inc  -pipe -D__hal__ -DALT_NO_C_PLUS_PLUS -DALT_NO_CLEAN_EXIT -D'exit(a)=_exit(a)' -DALT_NO_EXIT -DALT_USE_DIRECT_DRIVERS -DALT_NO_INSTRUCTION_EMULATION -DALT_USE_SMALL_DRIVERS -DSMALL_C_LIB -DALT_SINGLE_THREADED    -O0 -g -Wall   -mno-hw-div -mno-hw-mul -mno-hw-mulx -mgpopt=global  -o obj/default/main.o main.c
main.c: In function 'main':
main.c:22:19: warning: suggest parentheses around '+' inside '<<' [-Wparentheses]
  composite= a<<16 + addres_r << 8 + data_in;
                   ^
main.c:22:35: warning: suggest parentheses around '+' inside '<<' [-Wparentheses]
  composite= a<<16 + addres_r << 8 + data_in;
                                   ^
main.c:21:15: warning: variable 'composite' set but not used [-Wunused-but-set-variable]
  unsigned int composite;
               ^
main.c:18:19: warning: unused variable 'b' [-Wunused-variable]
  unsigned int a=0,b=10,c,ans;
                   ^
Info: Linking parin.elf
nios2-elf-g++  -T'../dac_bsp//linker.x' -msys-crt0='../dac_bsp//obj/HAL/src/crt0.o' -msys-lib=hal_bsp -L../dac_bsp/  -msmallc  -Wl,-Map=parin.map   -O0 -g -Wall   -mno-hw-div -mno-hw-mul -mno-hw-mulx -mgpopt=global  -o parin.elf obj/default/main.o -lm -msys-lib=m
nios2-elf-insert parin.elf --thread_model hal --cpu_name nios2_gen2_0 --qsys true --simulation_enabled false --stderr_dev jtag_uart_0 --stdin_dev jtag_uart_0 --stdout_dev jtag_uart_0 --sopc_system_name unsaved --sopcinfo F:/Mtech/ee-705/project/dac_ram/software/dac_bsp/../../unsaved.sopcinfo
Info: (parin.elf) 628 Bytes program size (code + initialized data).
Info:             31 KBytes free for stack + heap.
Info: Creating parin.objdump
nios2-elf-objdump --disassemble --syms --all-header parin.elf >parin.objdump
[parin build complete]
14:46:36 **** Build of configuration Nios II for project parin ****
make all 
Info: Building ../dac_bsp/
C:/intelFPGA_lite/16.1/nios2eds/bin/gnu/H-x86_64-mingw32/bin/make --no-print-directory -C ../dac_bsp/
[BSP build complete]
[parin build complete]
14:46:37 **** Incremental Build of configuration Nios II for project parin ****
make all 
Info: Building ../dac_bsp/
C:/intelFPGA_lite/16.1/nios2eds/bin/gnu/H-x86_64-mingw32/bin/make --no-print-directory -C ../dac_bsp/
[BSP build complete]
[parin build complete]
14:55:04 **** Build of configuration Nios II for project parin ****
make all 
Info: Building ../dac_bsp/
C:/intelFPGA_lite/16.1/nios2eds/bin/gnu/H-x86_64-mingw32/bin/make --no-print-directory -C ../dac_bsp/
[BSP build complete]
[parin build complete]
14:55:06 **** Incremental Build of configuration Nios II for project parin ****
make all 
Info: Building ../dac_bsp/
C:/intelFPGA_lite/16.1/nios2eds/bin/gnu/H-x86_64-mingw32/bin/make --no-print-directory -C ../dac_bsp/
[BSP build complete]
[parin build complete]
14:56:56 **** Build of configuration Nios II for project parin ****
make all 
Info: Building ../dac_bsp/
C:/intelFPGA_lite/16.1/nios2eds/bin/gnu/H-x86_64-mingw32/bin/make --no-print-directory -C ../dac_bsp/
[BSP build complete]
[parin build complete]
14:56:57 **** Incremental Build of configuration Nios II for project parin ****
make all 
Info: Building ../dac_bsp/
C:/intelFPGA_lite/16.1/nios2eds/bin/gnu/H-x86_64-mingw32/bin/make --no-print-directory -C ../dac_bsp/
[BSP build complete]
[parin build complete]
15:20:54 **** Build of configuration Nios II for project parin ****
make all 
Info: Building ../dac_bsp/
C:/intelFPGA_lite/16.1/nios2eds/bin/gnu/H-x86_64-mingw32/bin/make --no-print-directory -C ../dac_bsp/
[BSP build complete]
[parin build complete]
15:20:55 **** Incremental Build of configuration Nios II for project parin ****
make all 
Info: Building ../dac_bsp/
C:/intelFPGA_lite/16.1/nios2eds/bin/gnu/H-x86_64-mingw32/bin/make --no-print-directory -C ../dac_bsp/
[BSP build complete]
[parin build complete]
